[2014-11-08 03:31 UTC] HTTP request of validation request:POST /cgi-bin/webscr HTTP/1.1
Host: www.sandbox.paypal.com
Accept: */*
Connection: Close
Content-Length: 1189
Content-Type: application/x-www-form-urlencoded
Expect: 100-continue

 for IPN payload: cmd=_notify-validate&mc_gross=1.00&protection_eligibility=Eligible&address_status=confirmed&item_number1=&payer_id=LVH5LUD499DJU&tax=0.00&address_street=1+Main+St&payment_date=19%3A31%3A01+Nov+07%2C+2014+PST&payment_status=Completed&charset=windows-1252&address_zip=95131&mc_shipping=0.00&mc_handling=0.00&first_name=ronan&mc_fee=0.33&address_country_code=US&address_name=ronan+li%27s+Test+Store&notify_version=3.8&custom=%7B%22order_id%22%3A6%2C%22entries%22%3A%5B%2230%22%5D%7D&payer_status=verified&business=kjcastanos%40gmail.com&address_country=United+States&num_cart_items=1&mc_handling1=0.00&address_city=San+Jose&verify_sign=AWYxjS6LEFCeGqJDu35ZiF0NsD2FAdkPMF6uJBAVdL6saSBftdL.Asco&payer_email=row.none%40gmail.com&mc_shipping1=0.00&tax1=0.00&txn_id=67J21105G39516349&payment_type=instant&payer_business_name=ronan+li%27s+Test+Store&last_name=li&address_state=CA&item_name1=sample+snack&receiver_email=kjcastanos%40gmail.com&payment_fee=0.33&quantity1=1&receiver_id=FESL26DKFHA8Q&txn_type=cart&mc_gross_1=1.00&mc_currency=USD&residence_country=US&test_ipn=1&transaction_subject=%7B%22order_id%22%3A6%2C%22entries%22%3A%5B%2230%22%5D%7D&payment_gross=1.00&ipn_track_id=8a90055047b3f
[2014-11-08 03:31 UTC] HTTP response of validation request: HTTP/1.1 100 Continue

HTTP/1.1 200 OK
Date: Sat, 08 Nov 2014 03:31:04 GMT
Server: Apache
X-Frame-Options: SAMEORIGIN
Set-Cookie: c9MWDuvPtT9GIMyPc3jwol1VSlO=y6oh8R2egEiUIkw2c3rOARoKjrLRhn0yw2XoCP-H0akgCQaaU_Lf4YMxay12BBMRu57n8L5OYFWCHxtuARtSJ3sYT56b4dLbyeD94ziOAZHuKQOxVrEj4qjqTup-fmWr8ryvCp_G5Kwg_XZ_ix-q1Ps8PVjbJq5QjNwsTeTDE3SPU26T0X2Ed1rMt7m0LAN3GXwpu7o0dv7CygpVSU7CcfxO_S4rkT1DNrNnbAkZElgOFZbRFmYxZyAA4_Nxulr1B2bpcP82LBzeHCwIfd7OO5kFJpwJ0_B6W_99VvkZufMsGbDNANTEZuZgd6csc1_WGBrkHSKFSjoqdVCUFUbGVRu_1qzEfi4ZLLJ0DkrGqX5i5qnktC3NSe8tEK2IcrA1T-bQEpePs-nt8G_3_hOWmnnI8qB1IImTwLFsGZMVe7G6cbJ0xdTBcqDwGqC; domain=.paypal.com; path=/; Secure; HttpOnly
Set-Cookie: cookie_check=yes; expires=Tue, 05-Nov-2024 03:31:04 GMT; domain=.paypal.com; path=/; Secure; HttpOnly
Set-Cookie: navcmd=_notify-validate; domain=.paypal.com; path=/; Secure; HttpOnly
Set-Cookie: navlns=0.0; expires=Mon, 07-Nov-2016 03:31:04 GMT; domain=.paypal.com; path=/; Secure; HttpOnly
Set-Cookie: Apache=10.72.108.11.1415417464488608; path=/; expires=Mon, 31-Oct-44 03:31:04 GMT
Connection: close
Set-Cookie: X-PP-SILOVER=name%3DSANDBOX3.WEB.1%26silo_version%3D880%26app%3Dslingshot%26TIME%3D2022595924; domain=.paypal.com; path=/; Secure; HttpOnly
Set-Cookie: X-PP-SILOVER=; Expires=Thu, 01 Jan 1970 00:00:01 GMT
Set-Cookie: Apache=10.72.128.11.1415417464474721; path=/; expires=Mon, 31-Oct-44 03:31:04 GMT
Vary: Accept-Encoding
Strict-Transport-Security: max-age=14400
Transfer-Encoding: chunked
Content-Type: text/html; charset=UTF-8

VERIFIED
[2014-11-08 03:36 UTC] HTTP request of validation request:POST /cgi-bin/webscr HTTP/1.1
Host: www.sandbox.paypal.com
Accept: */*
Connection: Close
Content-Length: 1189
Content-Type: application/x-www-form-urlencoded
Expect: 100-continue

 for IPN payload: cmd=_notify-validate&mc_gross=1.00&protection_eligibility=Eligible&address_status=confirmed&item_number1=&payer_id=LVH5LUD499DJU&tax=0.00&address_street=1+Main+St&payment_date=19%3A36%3A09+Nov+07%2C+2014+PST&payment_status=Completed&charset=windows-1252&address_zip=95131&mc_shipping=0.00&mc_handling=0.00&first_name=ronan&mc_fee=0.33&address_country_code=US&address_name=ronan+li%27s+Test+Store&notify_version=3.8&custom=%7B%22order_id%22%3A7%2C%22entries%22%3A%5B%2230%22%5D%7D&payer_status=verified&business=kjcastanos%40gmail.com&address_country=United+States&num_cart_items=1&mc_handling1=0.00&address_city=San+Jose&verify_sign=AtzgbXK1X.9xdTmY4kIxKn.3Mc4LAZNPskfcWBJ8ZWaIvVr.RLcj00bb&payer_email=row.none%40gmail.com&mc_shipping1=0.00&tax1=0.00&txn_id=91832057D7034203K&payment_type=instant&payer_business_name=ronan+li%27s+Test+Store&last_name=li&address_state=CA&item_name1=sample+snack&receiver_email=kjcastanos%40gmail.com&payment_fee=0.33&quantity1=1&receiver_id=FESL26DKFHA8Q&txn_type=cart&mc_gross_1=1.00&mc_currency=USD&residence_country=US&test_ipn=1&transaction_subject=%7B%22order_id%22%3A7%2C%22entries%22%3A%5B%2230%22%5D%7D&payment_gross=1.00&ipn_track_id=8711f3a184c7d
[2014-11-08 03:36 UTC] HTTP response of validation request: HTTP/1.1 100 Continue

HTTP/1.1 200 OK
Date: Sat, 08 Nov 2014 03:36:12 GMT
Server: Apache
X-Frame-Options: SAMEORIGIN
Set-Cookie: c9MWDuvPtT9GIMyPc3jwol1VSlO=W7RQkAf0iDU7DMS4Lmf6Cir_bhJxf-Z0_HcNmYa1zKdP20w6pcIKWfYyJUP2YcpzlVhbvuTUfoWnQX6Ry9mo1MAvpoHxM8mw3_Q04CcbGMlfOaQbTS-ojnSvSyyT-dIF5SL8aVbQZrrr6e7N8ppx0pAZduytQ_krSpyU2zK2ve03XLyJeZCCJ_xCd0UMAfGEpOFxlZhQCQsf9oGKS01fyykd-h_Y-nPdyFMi9W-LEYhDtMLgiUf1BA55WCdIV8ldyLvvI9Rbn2_4b0RTcXQTpzVTsNbrgMFSWGyUjg7RO7bI12kgZiNWWuAUT9YSRLAeAJcAb92sOO_oT7qgCzTzaZ2gvffrN9iwg4oBdsgIEl7aVwUVBQ4cS5ay5timrPza13Wq7jLtGJh3VDpZ_WJB8P-pBBKXWp-_M6tUZwHqsWxhen1wG2nkrl_tOsu; domain=.paypal.com; path=/; Secure; HttpOnly
Set-Cookie: cookie_check=yes; expires=Tue, 05-Nov-2024 03:36:13 GMT; domain=.paypal.com; path=/; Secure; HttpOnly
Set-Cookie: navcmd=_notify-validate; domain=.paypal.com; path=/; Secure; HttpOnly
Set-Cookie: navlns=0.0; expires=Mon, 07-Nov-2016 03:36:13 GMT; domain=.paypal.com; path=/; Secure; HttpOnly
Set-Cookie: Apache=10.72.108.11.1415417772815874; path=/; expires=Mon, 31-Oct-44 03:36:12 GMT
Connection: close
Set-Cookie: X-PP-SILOVER=name%3DSANDBOX3.WEB.1%26silo_version%3D880%26app%3Dslingshot%26TIME%3D2895076692; domain=.paypal.com; path=/; Secure; HttpOnly
Set-Cookie: X-PP-SILOVER=; Expires=Thu, 01 Jan 1970 00:00:01 GMT
Set-Cookie: Apache=10.72.128.11.1415417772804689; path=/; expires=Mon, 31-Oct-44 03:36:12 GMT
Vary: Accept-Encoding
Strict-Transport-Security: max-age=14400
Transfer-Encoding: chunked
Content-Type: text/html; charset=UTF-8

VERIFIED
[2014-11-08 03:40 UTC] HTTP request of validation request:POST /cgi-bin/webscr HTTP/1.1
Host: www.sandbox.paypal.com
Accept: */*
Connection: Close
Content-Length: 1200
Content-Type: application/x-www-form-urlencoded
Expect: 100-continue

 for IPN payload: cmd=_notify-validate&mc_gross=800.00&protection_eligibility=Eligible&address_status=confirmed&item_number1=&payer_id=LVH5LUD499DJU&tax=0.00&address_street=1+Main+St&payment_date=19%3A40%3A39+Nov+07%2C+2014+PST&payment_status=Completed&charset=windows-1252&address_zip=95131&mc_shipping=0.00&mc_handling=0.00&first_name=ronan&mc_fee=23.50&address_country_code=US&address_name=ronan+li%27s+Test+Store&notify_version=3.8&custom=%7B%22order_id%22%3A8%2C%22entries%22%3A%5B%2227%22%5D%7D&payer_status=verified&business=kjcastanos%40gmail.com&address_country=United+States&num_cart_items=1&mc_handling1=0.00&address_city=San+Jose&verify_sign=ARHPijWmCCSUguBRmsQZVk1xNcMRAXIYf74SN0AcahcQQWRgQoWvYwAy&payer_email=row.none%40gmail.com&mc_shipping1=0.00&tax1=0.00&txn_id=92G77837CN0926603&payment_type=instant&payer_business_name=ronan+li%27s+Test+Store&last_name=li&address_state=CA&item_name1=Red+Velvet+Cake&receiver_email=kjcastanos%40gmail.com&payment_fee=23.50&quantity1=1&receiver_id=FESL26DKFHA8Q&txn_type=cart&mc_gross_1=800.00&mc_currency=USD&residence_country=US&test_ipn=1&transaction_subject=%7B%22order_id%22%3A8%2C%22entries%22%3A%5B%2227%22%5D%7D&payment_gross=800.00&ipn_track_id=fae9eedef00ff
[2014-11-08 03:40 UTC] HTTP response of validation request: HTTP/1.1 100 Continue

HTTP/1.1 200 OK
Date: Sat, 08 Nov 2014 03:40:42 GMT
Server: Apache
X-Frame-Options: SAMEORIGIN
Set-Cookie: c9MWDuvPtT9GIMyPc3jwol1VSlO=l5tGKbjbav6tKvzhqF6FwSU1CTBDVyMDe-M53DWNtpK48VHyviwxXuUt5U80yExCXoaKZt7UM0F1sVBEBkAKtDJEXZ4P9IQrmiIXCipq-yUFd1ORM2FVVgLra3UUva3HmHxwrgUoQ67u3onxv6Ct5cSvv-IclI2poYQmNjxEeMAhy0BFV7MgGszL-4bHRuB0eHaiD7Wh7gaGXEcrdMK0yYDSia1EdhAhUV0vQAHMbGMmsJZKhi2XGSF_X70Ts7800u4eO11XRul4V4Tfo0fQEPmP0jB0FUcW_O_PaJqM0chJp5P06xnTKba__i3HTjTY4Gac4XWCwfVZBiQsv_UNHLNYbcGcNyeGpzDsMSfcaOiA6CErWdfqa2pi9iCIu-mbjtVnCvmfD0cLEIP7iKqlwRHBeWSLFRX_WQRibn08LiV4c_ugF0Ksi5q0Mz0; domain=.paypal.com; path=/; Secure; HttpOnly
Set-Cookie: cookie_check=yes; expires=Tue, 05-Nov-2024 03:40:42 GMT; domain=.paypal.com; path=/; Secure; HttpOnly
Set-Cookie: navcmd=_notify-validate; domain=.paypal.com; path=/; Secure; HttpOnly
Set-Cookie: navlns=0.0; expires=Mon, 07-Nov-2016 03:40:42 GMT; domain=.paypal.com; path=/; Secure; HttpOnly
Set-Cookie: Apache=10.72.108.11.1415418042226779; path=/; expires=Mon, 31-Oct-44 03:40:42 GMT
Connection: close
Set-Cookie: X-PP-SILOVER=name%3DSANDBOX3.WEB.1%26silo_version%3D880%26app%3Dslingshot%26TIME%3D3130023252; domain=.paypal.com; path=/; Secure; HttpOnly
Set-Cookie: X-PP-SILOVER=; Expires=Thu, 01 Jan 1970 00:00:01 GMT
Set-Cookie: Apache=10.72.128.11.1415418042212278; path=/; expires=Mon, 31-Oct-44 03:40:42 GMT
Vary: Accept-Encoding
Strict-Transport-Security: max-age=14400
Transfer-Encoding: chunked
Content-Type: text/html; charset=UTF-8

VERIFIED
[2014-11-08 03:48 UTC] HTTP request of validation request: for IPN payload: cmd=_notify-validate&mc_gross=20.00&protection_eligibility=Eligible&address_status=confirmed&item_number1=&payer_id=LVH5LUD499DJU&tax=0.00&address_street=1+Main+St&payment_date=19%3A48%3A34+Nov+07%2C+2014+PST&payment_status=Completed&charset=windows-1252&address_zip=95131&mc_shipping=0.00&mc_handling=0.00&first_name=ronan&mc_fee=0.88&address_country_code=US&address_name=ronan+li%27s+Test+Store&notify_version=3.8&custom=%7B%22order_id%22%3A9%2C%22entries%22%3A%5B%2233%22%5D%7D&payer_status=verified&business=kjcastanos%40gmail.com&address_country=United+States&num_cart_items=1&mc_handling1=0.00&address_city=San+Jose&verify_sign=ARLVDP2L.4MqfOFJIuBr1CdO9YBnAxXz.ykm4C28lmGp8Vd8K6NM5Tp2&payer_email=row.none%40gmail.com&mc_shipping1=0.00&tax1=0.00&txn_id=81N80207631076527&payment_type=instant&payer_business_name=ronan+li%27s+Test+Store&last_name=li&address_state=CA&item_name1=Meal+1&receiver_email=kjcastanos%40gmail.com&payment_fee=0.88&quantity1=2&receiver_id=FESL26DKFHA8Q&txn_type=cart&mc_gross_1=20.00&mc_currency=USD&residence_country=US&test_ipn=1&transaction_subject=%7B%22order_id%22%3A9%2C%22entries%22%3A%5B%2233%22%5D%7D&payment_gross=20.00&ipn_track_id=fec5801aeab75
[2014-11-08 03:48 UTC] HTTP response of validation request: VERIFIED
[2014-11-08 04:09 UTC] Verified IPN: cmd=_notify-validate&mc_gross=1.00&protection_eligibility=Eligible&address_status=confirmed&item_number1=&payer_id=LVH5LUD499DJU&tax=0.00&address_street=1+Main+St&payment_date=20%3A07%3A26+Nov+07%2C+2014+PST&payment_status=Completed&charset=windows-1252&address_zip=95131&mc_shipping=0.00&mc_handling=0.00&first_name=ronan&mc_fee=0.33&address_country_code=US&address_name=ronan+li%27s+Test+Store&notify_version=3.8&custom=%7B%22order_id%22%3A13%2C%22entries%22%3A%5B%2230%22%5D%7D&payer_status=verified&business=kjcastanos%40gmail.com&address_country=United+States&num_cart_items=1&mc_handling1=0.00&address_city=San+Jose&verify_sign=A5K3KeOvAPlBrRAFTyS3e8AQDoQRAm7jOo02z8i8SDRLC27.-VfeLHfa&payer_email=row.none%40gmail.com&mc_shipping1=0.00&tax1=0.00&txn_id=65B73311X8852012J&payment_type=instant&payer_business_name=ronan+li%27s+Test+Store&last_name=li&address_state=CA&item_name1=sample+snack&receiver_email=kjcastanos%40gmail.com&payment_fee=0.33&quantity1=1&receiver_id=FESL26DKFHA8Q&txn_type=cart&mc_gross_1=1.00&mc_currency=USD&residence_country=US&test_ipn=1&transaction_subject=%7B%22order_id%22%3A13%2C%22entries%22%3A%5B%2230%22%5D%7D&payment_gross=1.00&ipn_track_id=1990cff2e50a7 
[2014-11-08 04:10 UTC] Verified IPN: cmd=_notify-validate&mc_gross=10.00&protection_eligibility=Eligible&address_status=confirmed&item_number1=&payer_id=LVH5LUD499DJU&tax=0.00&address_street=1+Main+St&payment_date=20%3A03%3A03+Nov+07%2C+2014+PST&payment_status=Completed&charset=windows-1252&address_zip=95131&mc_shipping=0.00&mc_handling=0.00&first_name=ronan&mc_fee=0.59&address_country_code=US&address_name=ronan+li%27s+Test+Store&notify_version=3.8&custom=%7B%22order_id%22%3A12%2C%22entries%22%3A%5B%2233%22%5D%7D&payer_status=verified&business=kjcastanos%40gmail.com&address_country=United+States&num_cart_items=1&mc_handling1=0.00&address_city=San+Jose&verify_sign=AOH.JxXLRThnyE4tyiz8f.cTKbR2AL70gu3w27w5o2lih1Je2txPVVtY&payer_email=row.none%40gmail.com&mc_shipping1=0.00&tax1=0.00&txn_id=5JV71189VW960101F&payment_type=instant&payer_business_name=ronan+li%27s+Test+Store&last_name=li&address_state=CA&item_name1=Meal+1&receiver_email=kjcastanos%40gmail.com&payment_fee=0.59&quantity1=1&receiver_id=FESL26DKFHA8Q&txn_type=cart&mc_gross_1=10.00&mc_currency=USD&residence_country=US&test_ipn=1&transaction_subject=%7B%22order_id%22%3A12%2C%22entries%22%3A%5B%2233%22%5D%7D&payment_gross=10.00&ipn_track_id=d42dc4e37eb65 
[2014-11-08 04:11 UTC] Verified IPN: cmd=_notify-validate&mc_gross=50.00&protection_eligibility=Eligible&address_status=confirmed&item_number1=&payer_id=LVH5LUD499DJU&tax=0.00&address_street=1+Main+St&payment_date=20%3A11%3A05+Nov+07%2C+2014+PST&payment_status=Completed&charset=windows-1252&address_zip=95131&mc_shipping=0.00&mc_handling=0.00&first_name=ronan&mc_fee=1.75&address_country_code=US&address_name=ronan+li%27s+Test+Store&notify_version=3.8&custom=%7B%22order_id%22%3A14%2C%22entries%22%3A%5B%2233%22%5D%7D&payer_status=verified&business=kjcastanos%40gmail.com&address_country=United+States&num_cart_items=1&mc_handling1=0.00&address_city=San+Jose&verify_sign=AomRS5l2W2xlt2An.GaSrAzpCl-NAzF6lgdwupF0jnXWko115ikGACwU&payer_email=row.none%40gmail.com&mc_shipping1=0.00&tax1=0.00&txn_id=0M573033DM898121U&payment_type=instant&payer_business_name=ronan+li%27s+Test+Store&last_name=li&address_state=CA&item_name1=Meal+1&receiver_email=kjcastanos%40gmail.com&payment_fee=1.75&quantity1=5&receiver_id=FESL26DKFHA8Q&txn_type=cart&mc_gross_1=50.00&mc_currency=USD&residence_country=US&test_ipn=1&transaction_subject=%7B%22order_id%22%3A14%2C%22entries%22%3A%5B%2233%22%5D%7D&payment_gross=50.00&ipn_track_id=3f67c4f3c14a5 
[2014-11-08 04:14 UTC] Verified IPN: cmd=_notify-validate&mc_gross=800.00&protection_eligibility=Eligible&address_status=confirmed&item_number1=&payer_id=LVH5LUD499DJU&tax=0.00&address_street=1+Main+St&payment_date=19%3A57%3A03+Nov+07%2C+2014+PST&payment_status=Completed&charset=windows-1252&address_zip=95131&mc_shipping=0.00&mc_handling=0.00&first_name=ronan&mc_fee=23.50&address_country_code=US&address_name=ronan+li%27s+Test+Store&notify_version=3.8&custom=%7B%22order_id%22%3A11%2C%22entries%22%3A%5B%2227%22%5D%7D&payer_status=verified&business=kjcastanos%40gmail.com&address_country=United+States&num_cart_items=1&mc_handling1=0.00&address_city=San+Jose&verify_sign=A2S1fniRGsoquzRDbs4f5rc383f8A1JyjCjTcvhPRVH4GJl72MiL3XhN&payer_email=row.none%40gmail.com&mc_shipping1=0.00&tax1=0.00&txn_id=8L043738J7118614C&payment_type=instant&payer_business_name=ronan+li%27s+Test+Store&last_name=li&address_state=CA&item_name1=Red+Velvet+Cake&receiver_email=kjcastanos%40gmail.com&payment_fee=23.50&quantity1=1&receiver_id=FESL26DKFHA8Q&txn_type=cart&mc_gross_1=800.00&mc_currency=USD&residence_country=US&test_ipn=1&transaction_subject=%7B%22order_id%22%3A11%2C%22entries%22%3A%5B%2227%22%5D%7D&payment_gross=800.00&ipn_track_id=1f033d484477e 
[2014-11-08 04:21 UTC] Verified IPN: cmd=_notify-validate&mc_gross=1.00&protection_eligibility=Eligible&address_status=confirmed&item_number1=&payer_id=LVH5LUD499DJU&tax=0.00&address_street=1+Main+St&payment_date=19%3A52%3A34+Nov+07%2C+2014+PST&payment_status=Completed&charset=windows-1252&address_zip=95131&mc_shipping=0.00&mc_handling=0.00&first_name=ronan&mc_fee=0.33&address_country_code=US&address_name=ronan+li%27s+Test+Store&notify_version=3.8&custom=%7B%22order_id%22%3A10%2C%22entries%22%3A%5B%2230%22%5D%7D&payer_status=verified&business=kjcastanos%40gmail.com&address_country=United+States&num_cart_items=1&mc_handling1=0.00&address_city=San+Jose&verify_sign=ApBHX6qbpxJW-Ll3oP22LSbo0WeuAyxgvfgpTi5HPh6OxNYcKQnqEVPj&payer_email=row.none%40gmail.com&mc_shipping1=0.00&tax1=0.00&txn_id=4LK09198VW9245208&payment_type=instant&payer_business_name=ronan+li%27s+Test+Store&last_name=li&address_state=CA&item_name1=sample+snack&receiver_email=kjcastanos%40gmail.com&payment_fee=0.33&quantity1=1&receiver_id=FESL26DKFHA8Q&txn_type=cart&mc_gross_1=1.00&mc_currency=USD&residence_country=US&test_ipn=1&transaction_subject=%7B%22order_id%22%3A10%2C%22entries%22%3A%5B%2230%22%5D%7D&payment_gross=1.00&ipn_track_id=f5371183b0d67 
[2014-11-08 07:56 UTC] Verified IPN: cmd=_notify-validate&mc_gross=800.00&protection_eligibility=Eligible&address_status=confirmed&item_number1=&payer_id=LVH5LUD499DJU&tax=0.00&address_street=1+Main+St&payment_date=23%3A56%3A40+Nov+07%2C+2014+PST&payment_status=Completed&charset=windows-1252&address_zip=95131&mc_shipping=0.00&mc_handling=0.00&first_name=ronan&mc_fee=23.50&address_country_code=US&address_name=ronan+li%27s+Test+Store&notify_version=3.8&custom=%7B%22order_id%22%3A15%2C%22entries%22%3A%5B%2227%22%5D%7D&payer_status=verified&business=kjcastanos%40gmail.com&address_country=United+States&num_cart_items=1&mc_handling1=0.00&address_city=San+Jose&verify_sign=AnNMT7nRteKS2auTkxdsRz9rRvvPAKxz1AdTzdrVFh2kcbtyzZPrjqFr&payer_email=row.none%40gmail.com&mc_shipping1=0.00&tax1=0.00&txn_id=4FE21034N57673410&payment_type=instant&payer_business_name=ronan+li%27s+Test+Store&last_name=li&address_state=CA&item_name1=Red+Velvet+Cake&receiver_email=kjcastanos%40gmail.com&payment_fee=23.50&quantity1=1&receiver_id=FESL26DKFHA8Q&txn_type=cart&mc_gross_1=800.00&mc_currency=USD&residence_country=US&test_ipn=1&transaction_subject=%7B%22order_id%22%3A15%2C%22entries%22%3A%5B%2227%22%5D%7D&payment_gross=800.00&ipn_track_id=2a776120bdd2a 
[2014-11-09 09:28 UTC] Verified IPN: cmd=_notify-validate&mc_gross=30.00&protection_eligibility=Eligible&address_status=confirmed&item_number1=&payer_id=LVH5LUD499DJU&tax=0.00&address_street=1+Main+St&payment_date=01%3A27%3A52+Nov+09%2C+2014+PST&payment_status=Completed&charset=windows-1252&address_zip=95131&mc_shipping=0.00&mc_handling=0.00&first_name=ronan&mc_fee=1.17&address_country_code=US&address_name=ronan+li%27s+Test+Store&notify_version=3.8&custom=%7B%22order_id%22%3A24%2C%22entries%22%3A%5B%2233%22%5D%2C%22payment_from%22%3A1%2C%22payment_to%22%3A26%7D&payer_status=verified&business=kjcastanos%40gmail.com&address_country=United+States&num_cart_items=1&mc_handling1=0.00&address_city=San+Jose&verify_sign=AdIsxhauFIpwsCaa9QXKV7cNjGxgASYgM0A85-WGMYdzYmFPGMKbT0il&payer_email=row.none%40gmail.com&mc_shipping1=0.00&tax1=0.00&txn_id=67N682960H854303E&payment_type=instant&payer_business_name=ronan+li%27s+Test+Store&last_name=li&address_state=CA&item_name1=Meal+1&receiver_email=kjcastanos%40gmail.com&payment_fee=1.17&quantity1=3&receiver_id=FESL26DKFHA8Q&txn_type=cart&mc_gross_1=30.00&mc_currency=USD&residence_country=US&test_ipn=1&transaction_subject=%7B%22order_id%22%3A24%2C%22entries%22%3A%5B%2233%22%5D%2C%22payment_from%22%3A1%2C%22payment_to%22%3A26%7D&payment_gross=30.00&ipn_track_id=e79a6f737879 
[2014-11-09 09:40 UTC] Verified IPN: cmd=_notify-validate&mc_gross=800.00&protection_eligibility=Eligible&address_status=confirmed&item_number1=&payer_id=LVH5LUD499DJU&tax=0.00&address_street=1+Main+St&payment_date=01%3A40%3A11+Nov+09%2C+2014+PST&payment_status=Completed&charset=windows-1252&address_zip=95131&mc_shipping=0.00&mc_handling=0.00&first_name=ronan&mc_fee=23.50&address_country_code=US&address_name=ronan+li%27s+Test+Store&notify_version=3.8&custom=%7B%22order_id%22%3A25%2C%22entries%22%3A%5B%2227%22%5D%2C%22payment_from%22%3A1%2C%22payment_to%22%3A24%7D&payer_status=verified&business=kjcastanos%40gmail.com&address_country=United+States&num_cart_items=1&mc_handling1=0.00&address_city=San+Jose&verify_sign=AQU0e5vuZCvSg-XJploSa.sGUDlpAwhmUNlcwMI2MFAIWPrAn.8hqRce&payer_email=row.none%40gmail.com&mc_shipping1=0.00&tax1=0.00&txn_id=0J254744XE866915L&payment_type=instant&payer_business_name=ronan+li%27s+Test+Store&last_name=li&address_state=CA&item_name1=Red+Velvet+Cake&receiver_email=kjcastanos%40gmail.com&payment_fee=23.50&quantity1=1&receiver_id=FESL26DKFHA8Q&txn_type=cart&mc_gross_1=800.00&mc_currency=USD&residence_country=US&test_ipn=1&transaction_subject=%7B%22order_id%22%3A25%2C%22entries%22%3A%5B%2227%22%5D%2C%22payment_from%22%3A1%2C%22payment_to%22%3A24%7D&payment_gross=800.00&ipn_track_id=ff55363d7edd 
[2014-11-09 13:32 UTC] Verified IPN: cmd=_notify-validate&mc_gross=20.00&protection_eligibility=Eligible&address_status=confirmed&item_number1=&payer_id=LVH5LUD499DJU&tax=0.00&address_street=1+Main+St&payment_date=05%3A32%3A38+Nov+09%2C+2014+PST&payment_status=Completed&charset=windows-1252&address_zip=95131&mc_shipping=0.00&mc_handling=0.00&first_name=ronan&mc_fee=0.88&address_country_code=US&address_name=ronan+li%27s+Test+Store&notify_version=3.8&custom=%7B%22order_id%22%3A26%2C%22entries%22%3A%5B%2233%22%5D%2C%22payment_from%22%3A1%2C%22payment_to%22%3A26%7D&payer_status=verified&business=kjcastanos%40gmail.com&address_country=United+States&num_cart_items=1&mc_handling1=0.00&address_city=San+Jose&verify_sign=ACUe-E7Hjxmeel8FjYAtjnx-yjHAAs1z4kdS5kqTL0SqmVUEE7naazNf&payer_email=row.none%40gmail.com&mc_shipping1=0.00&tax1=0.00&txn_id=4BY985864C1378200&payment_type=instant&payer_business_name=ronan+li%27s+Test+Store&last_name=li&address_state=CA&item_name1=Meal+1&receiver_email=kjcastanos%40gmail.com&payment_fee=0.88&quantity1=2&receiver_id=FESL26DKFHA8Q&txn_type=cart&mc_gross_1=20.00&mc_currency=USD&residence_country=US&test_ipn=1&transaction_subject=%7B%22order_id%22%3A26%2C%22entries%22%3A%5B%2233%22%5D%2C%22payment_from%22%3A1%2C%22payment_to%22%3A26%7D&payment_gross=20.00&ipn_track_id=a69884d9d8565 
[2014-11-10 00:48 UTC] Verified IPN: cmd=_notify-validate&mc_gross=20.00&protection_eligibility=Eligible&address_status=confirmed&item_number1=&payer_id=LVH5LUD499DJU&tax=0.00&address_street=1+Main+St&payment_date=16%3A48%3A12+Nov+09%2C+2014+PST&payment_status=Completed&charset=windows-1252&address_zip=95131&mc_shipping=0.00&mc_handling=0.00&first_name=ronan&mc_fee=0.88&address_country_code=US&address_name=ronan+li%27s+Test+Store&notify_version=3.8&custom=%7B%22order_id%22%3A28%2C%22entries%22%3A%5B%2233%22%5D%2C%22payment_from%22%3A1%2C%22payment_to%22%3A26%7D&payer_status=verified&business=kjcastanos%40gmail.com&address_country=United+States&num_cart_items=1&mc_handling1=0.00&address_city=San+Jose&verify_sign=AZxbwZ9bPVPFFf7hCCNemacLJwlCAR0naYyDKgJaSHLjYja6nIZN.E0Q&payer_email=row.none%40gmail.com&mc_shipping1=0.00&tax1=0.00&txn_id=0VV71975CW508651Y&payment_type=instant&payer_business_name=ronan+li%27s+Test+Store&last_name=li&address_state=CA&item_name1=Meal+1&receiver_email=kjcastanos%40gmail.com&payment_fee=0.88&quantity1=2&receiver_id=FESL26DKFHA8Q&txn_type=cart&mc_gross_1=20.00&mc_currency=USD&residence_country=US&test_ipn=1&transaction_subject=%7B%22order_id%22%3A28%2C%22entries%22%3A%5B%2233%22%5D%2C%22payment_from%22%3A1%2C%22payment_to%22%3A26%7D&payment_gross=20.00&ipn_track_id=bf4b5bd1a6e5b 
[2014-11-10 00:51 UTC] Verified IPN: cmd=_notify-validate&mc_gross=20.00&protection_eligibility=Eligible&address_status=confirmed&item_number1=&payer_id=LVH5LUD499DJU&tax=0.00&address_street=1+Main+St&payment_date=16%3A50%3A57+Nov+09%2C+2014+PST&payment_status=Completed&charset=windows-1252&address_zip=95131&mc_shipping=0.00&mc_handling=0.00&first_name=ronan&mc_fee=0.88&address_country_code=US&address_name=ronan+li%27s+Test+Store&notify_version=3.8&custom=%7B%22order_id%22%3A29%2C%22entries%22%3A%5B%2233%22%5D%2C%22payment_from%22%3A1%2C%22payment_to%22%3A26%7D&payer_status=verified&business=kjcastanos%40gmail.com&address_country=United+States&num_cart_items=1&mc_handling1=0.00&address_city=San+Jose&verify_sign=ACUe-E7Hjxmeel8FjYAtjnx-yjHAAwhNf6OCCyhHZ.LZi8YpuvDlrLsM&payer_email=row.none%40gmail.com&mc_shipping1=0.00&tax1=0.00&txn_id=8UG02404LN2936220&payment_type=instant&payer_business_name=ronan+li%27s+Test+Store&last_name=li&address_state=CA&item_name1=Meal+1&receiver_email=kjcastanos%40gmail.com&payment_fee=0.88&quantity1=2&receiver_id=FESL26DKFHA8Q&txn_type=cart&mc_gross_1=20.00&mc_currency=USD&residence_country=US&test_ipn=1&transaction_subject=%7B%22order_id%22%3A29%2C%22entries%22%3A%5B%2233%22%5D%2C%22payment_from%22%3A1%2C%22payment_to%22%3A26%7D&payment_gross=20.00&ipn_track_id=22497f49e9b4b 
